2016-09-19 18:14:59,181 [Worker-14] ERROR o.e.m.c.i.i.nexus.NexusIndexManager - Unable to add com/mbesutti/presenterPicker/1/presenterPicker-1.pom
java.io.FileNotFoundException: /Data/Reporting/Stefano/Learning/Workspace/.metadata/.plugins/org.eclipse.m2e.core/nexus/830bc118332e77292949ed1e6d2fabe0/_1.fdt (No such file or directory)
	at java.io.RandomAccessFile.open(Native Method) ~[na:1.6.0_43]
	at java.io.RandomAccessFile.<init>(RandomAccessFile.java:216) ~[na:1.6.0_43]
	at org.apache.lucene.store.FSDirectory$FSIndexOutput.<init>(FSDirectory.java:639) ~[lucene-core-2.4.1.jar:2.4.1 750176 - 2009-03-04 21:56:52]
	at org.apache.lucene.store.FSDirectory.createOutput(FSDirectory.java:442) ~[lucene-core-2.4.1.jar:2.4.1 750176 - 2009-03-04 21:56:52]
	at org.apache.lucene.index.FieldsWriter.<init>(FieldsWriter.java:62) ~[lucene-core-2.4.1.jar:2.4.1 750176 - 2009-03-04 21:56:52]
	at org.apache.lucene.index.StoredFieldsWriter.initFieldsWriter(StoredFieldsWriter.java:65) ~[lucene-core-2.4.1.jar:2.4.1 750176 - 2009-03-04 21:56:52]
	at org.apache.lucene.index.StoredFieldsWriter.finishDocument(StoredFieldsWriter.java:141) ~[lucene-core-2.4.1.jar:2.4.1 750176 - 2009-03-04 21:56:52]
	at org.apache.lucene.index.StoredFieldsWriter$PerDoc.finish(StoredFieldsWriter.java:187) ~[lucene-core-2.4.1.jar:2.4.1 750176 - 2009-03-04 21:56:52]
	at org.apache.lucene.index.DocumentsWriter$WaitQueue.writeDocument(DocumentsWriter.java:1408) ~[lucene-core-2.4.1.jar:2.4.1 750176 - 2009-03-04 21:56:52]
	at org.apache.lucene.index.DocumentsWriter$WaitQueue.add(DocumentsWriter.java:1427) ~[lucene-core-2.4.1.jar:2.4.1 750176 - 2009-03-04 21:56:52]
	at org.apache.lucene.index.DocumentsWriter.finishDocument(DocumentsWriter.java:1062) ~[lucene-core-2.4.1.jar:2.4.1 750176 - 2009-03-04 21:56:52]
	at org.apache.lucene.index.DocumentsWriter.updateDocument(DocumentsWriter.java:768) ~[lucene-core-2.4.1.jar:2.4.1 750176 - 2009-03-04 21:56:52]
	at org.apache.lucene.index.DocumentsWriter.updateDocument(DocumentsWriter.java:748) ~[lucene-core-2.4.1.jar:2.4.1 750176 - 2009-03-04 21:56:52]
	at org.apache.lucene.index.IndexWriter.updateDocument(IndexWriter.java:2047) ~[lucene-core-2.4.1.jar:2.4.1 750176 - 2009-03-04 21:56:52]
	at org.apache.lucene.index.IndexWriter.updateDocument(IndexWriter.java:2024) ~[lucene-core-2.4.1.jar:2.4.1 750176 - 2009-03-04 21:56:52]
	at org.apache.maven.index.DefaultIndexerEngine.update(DefaultIndexerEngine.java:80) ~[org.eclipse.m2e.maven.indexer_1.5.1.20150109-1819/:na]
	at org.apache.maven.index.DefaultNexusIndexer.addArtifactToIndex(DefaultNexusIndexer.java:338) ~[org.eclipse.m2e.maven.indexer_1.5.1.20150109-1819/:na]
	at org.eclipse.m2e.core.internal.index.nexus.NexusIndexManager.addDocument(NexusIndexManager.java:580) [org.eclipse.m2e.core_1.5.1.20150109-1820.jar:na]
	at org.eclipse.m2e.core.internal.index.nexus.NexusIndexManager.mavenProjectChanged(NexusIndexManager.java:766) [org.eclipse.m2e.core_1.5.1.20150109-1820.jar:na]
	at org.eclipse.m2e.core.internal.project.registry.ProjectRegistryManager.notifyProjectChangeListeners(ProjectRegistryManager.java:747) [org.eclipse.m2e.core_1.5.1.20150109-1820.jar:na]
	at org.eclipse.m2e.core.internal.project.registry.ProjectRegistryManager.applyMutableProjectRegistry(ProjectRegistryManager.java:876) [org.eclipse.m2e.core_1.5.1.20150109-1820.jar:na]
	at org.eclipse.m2e.core.internal.project.registry.ProjectRegistryManager.refresh(ProjectRegistryManager.java:291) [org.eclipse.m2e.core_1.5.1.20150109-1820.jar:na]
	at org.eclipse.m2e.core.internal.builder.MavenBuilder$BuildMethod.getProjectFacade(MavenBuilder.java:154) [org.eclipse.m2e.core_1.5.1.20150109-1820.jar:na]
	at org.eclipse.m2e.core.internal.builder.MavenBuilder$BuildMethod$1.call(MavenBuilder.java:89) [org.eclipse.m2e.core_1.5.1.20150109-1820.jar:na]
	at org.eclipse.m2e.core.internal.embedder.MavenExecutionContext.executeBare(MavenExecutionContext.java:166) [org.eclipse.m2e.core_1.5.1.20150109-1820.jar:na]
	at org.eclipse.m2e.core.internal.embedder.MavenExecutionContext.execute(MavenExecutionContext.java:142) [org.eclipse.m2e.core_1.5.1.20150109-1820.jar:na]
	at org.eclipse.m2e.core.internal.embedder.MavenExecutionContext.execute(MavenExecutionContext.java:96) [org.eclipse.m2e.core_1.5.1.20150109-1820.jar:na]
	at org.eclipse.m2e.core.internal.builder.MavenBuilder$BuildMethod.execute(MavenBuilder.java:86) [org.eclipse.m2e.core_1.5.1.20150109-1820.jar:na]
	at org.eclipse.m2e.core.internal.builder.MavenBuilder.build(MavenBuilder.java:200) [org.eclipse.m2e.core_1.5.1.20150109-1820.jar:na]
	at org.eclipse.core.internal.events.BuildManager$2.run(BuildManager.java:734) [org.eclipse.core.resources_3.9.1.v20140825-1431.jar:na]
	at org.eclipse.core.runtime.SafeRunner.run(SafeRunner.java:42) [org.eclipse.equinox.common_3.6.200.v20130402-1505.jar:na]
	at org.eclipse.core.internal.events.BuildManager.basicBuild(BuildManager.java:206) [org.eclipse.core.resources_3.9.1.v20140825-1431.jar:na]
	at org.eclipse.core.internal.events.BuildManager.basicBuild(BuildManager.java:246) [org.eclipse.core.resources_3.9.1.v20140825-1431.jar:na]
	at org.eclipse.core.internal.events.BuildManager$1.run(BuildManager.java:299) [org.eclipse.core.resources_3.9.1.v20140825-1431.jar:na]
	at org.eclipse.core.runtime.SafeRunner.run(SafeRunner.java:42) [org.eclipse.equinox.common_3.6.200.v20130402-1505.jar:na]
	at org.eclipse.core.internal.events.BuildManager.basicBuild(BuildManager.java:302) [org.eclipse.core.resources_3.9.1.v20140825-1431.jar:na]
	at org.eclipse.core.internal.events.BuildManager.basicBuildLoop(BuildManager.java:358) [org.eclipse.core.resources_3.9.1.v20140825-1431.jar:na]
	at org.eclipse.core.internal.events.BuildManager.build(BuildManager.java:381) [org.eclipse.core.resources_3.9.1.v20140825-1431.jar:na]
	at org.eclipse.core.internal.events.AutoBuildJob.doBuild(AutoBuildJob.java:143) [org.eclipse.core.resources_3.9.1.v20140825-1431.jar:na]
	at org.eclipse.core.internal.events.AutoBuildJob.run(AutoBuildJob.java:241) [org.eclipse.core.resources_3.9.1.v20140825-1431.jar:na]
	at org.eclipse.core.internal.jobs.Worker.run(Worker.java:54) [org.eclipse.core.jobs_3.6.1.v20141014-1248.jar:na]
2016-09-19 18:14:59,685 [Worker-14] INFO  o.e.m.c.i.embedder.EclipseLogger - Using 'UTF-8' encoding to copy filtered resources.
2016-09-19 18:14:59,685 [Worker-14] INFO  o.e.m.c.i.embedder.EclipseLogger - skip non existing resourceDirectory /Data/Reporting/Stefano/Learning/Lezione_5_RefactoringUseCases/SeminarioMatteo/src/main/resources
2016-09-19 18:14:59,687 [Worker-14] INFO  o.e.m.c.i.embedder.EclipseLogger - Using 'UTF-8' encoding to copy filtered resources.
2016-09-19 18:14:59,687 [Worker-14] INFO  o.e.m.c.i.embedder.EclipseLogger - skip non existing resourceDirectory /Data/Reporting/Stefano/Learning/Lezione_5_RefactoringUseCases/SeminarioMatteo/src/test/resources
2016-09-19 18:15:04,689 [Worker-1] INFO  o.e.m.c.i.embedder.EclipseLogger - Using 'UTF-8' encoding to copy filtered resources.
2016-09-19 18:15:04,704 [Worker-1] INFO  o.e.m.c.i.embedder.EclipseLogger - skip non existing resourceDirectory /Data/Reporting/Stefano/Learning/Lezione_5_RefactoringUseCases/SeminarioMatteo/src/main/resources
2016-09-19 18:15:04,705 [Worker-1] INFO  o.e.m.c.i.embedder.EclipseLogger - Using 'UTF-8' encoding to copy filtered resources.
2016-09-19 18:15:04,705 [Worker-1] INFO  o.e.m.c.i.embedder.EclipseLogger - skip non existing resourceDirectory /Data/Reporting/Stefano/Learning/Lezione_5_RefactoringUseCases/SeminarioMatteo/src/test/resources
